
> @ start /home/shifa/itc6355/web
>  http-server . -p 8080

Starting up http-server, serving .
Available on:
  http://127.0.0.1:8080
  http://10.0.3.5:8080
Hit CTRL-C to stop the server
[Tue Dec 04 2018 03:15:25 GMT+0000 (Coordinated Universal Time)] "GET /" "Slackbot-LinkExpanding 1.0 (+https://api.slack.com/robots)"
[Tue Dec 04 2018 03:15:28 GMT+0000 (Coordinated Universal Time)] "GET /images/logo.png" "Mozilla/5.0 (Windows NT 10.0; Win64; x64) AppleWebKit/537.36 (KHTML, like Gecko) Chrome/70.0.3538.110 Safari/537.36"
[Tue Dec 04 2018 03:23:05 GMT+0000 (Coordinated Universal Time)] "GET /" "Mozilla/5.0 (Windows NT 10.0; Win64; x64) AppleWebKit/537.36 (KHTML, like Gecko) Chrome/70.0.3538.110 Safari/537.36"
[Tue Dec 04 2018 03:23:05 GMT+0000 (Coordinated Universal Time)] "GET /images/logo.png" "Mozilla/5.0 (Windows NT 10.0; Win64; x64) AppleWebKit/537.36 (KHTML, like Gecko) Chrome/70.0.3538.110 Safari/537.36"
[Tue Dec 04 2018 03:23:06 GMT+0000 (Coordinated Universal Time)] "GET /favicon.ico" "Mozilla/5.0 (Windows NT 10.0; Win64; x64) AppleWebKit/537.36 (KHTML, like Gecko) Chrome/70.0.3538.110 Safari/537.36"
[Tue Dec 04 2018 03:23:06 GMT+0000 (Coordinated Universal Time)] "GET /favicon.ico" Error (404): "Not found"
[Tue Dec 04 2018 03:23:38 GMT+0000 (Coordinated Universal Time)] "GET /" "Mozilla/5.0 (Windows NT 10.0; Win64; x64) AppleWebKit/537.36 (KHTML, like Gecko) Chrome/70.0.3538.110 Safari/537.36"
[Tue Dec 04 2018 03:28:21 GMT+0000 (Coordinated Universal Time)] "GET /" "Mozilla/5.0 (Macintosh; Intel Mac OS X 10_11_6) AppleWebKit/601.7.7 (KHTML, like Gecko) Version/9.1.2 Safari/601.7.7"
[Tue Dec 04 2018 03:45:46 GMT+0000 (Coordinated Universal Time)] "GET /" "Mozilla/5.0 (Windows NT 10.0; Win64; x64) AppleWebKit/537.36 (KHTML, like Gecko) Chrome/70.0.3538.110 Safari/537.36"
[Tue Dec 04 2018 03:45:47 GMT+0000 (Coordinated Universal Time)] "GET /images/logo.png" "Mozilla/5.0 (Windows NT 10.0; Win64; x64) AppleWebKit/537.36 (KHTML, like Gecko) Chrome/70.0.3538.110 Safari/537.36"
[Tue Dec 04 2018 04:52:50 GMT+0000 (Coordinated Universal Time)] "GET /" "Mozilla/5.0 (Windows NT 6.1; WOW64) AppleWebKit/537.36 (KHTML, like Gecko) Chrome/52.0.2743.116 Safari/537.36"
[Tue Dec 04 2018 04:52:50 GMT+0000 (Coordinated Universal Time)] "GET /" "Mozilla/5.0 (Macintosh; Intel Mac OS X 10_11_6) AppleWebKit/601.7.7 (KHTML, like Gecko) Version/9.1.2 Safari/601.7.7"
[Tue Dec 04 2018 05:37:29 GMT+0000 (Coordinated Universal Time)] "GET /" "Mozilla/5.0 (Windows NT 10.0; Win64; x64) AppleWebKit/537.36 (KHTML, like Gecko) Chrome/70.0.3538.110 Safari/537.36"
[Tue Dec 04 2018 05:37:29 GMT+0000 (Coordinated Universal Time)] "GET /images/logo.png" "Mozilla/5.0 (Windows NT 10.0; Win64; x64) AppleWebKit/537.36 (KHTML, like Gecko) Chrome/70.0.3538.110 Safari/537.36"
[Tue Dec 04 2018 05:37:30 GMT+0000 (Coordinated Universal Time)] "GET /favicon.ico" "Mozilla/5.0 (Windows NT 10.0; Win64; x64) AppleWebKit/537.36 (KHTML, like Gecko) Chrome/70.0.3538.110 Safari/537.36"
[Tue Dec 04 2018 05:37:30 GMT+0000 (Coordinated Universal Time)] "GET /favicon.ico" Error (404): "Not found"
[Tue Dec 04 2018 06:12:32 GMT+0000 (Coordinated Universal Time)] "GET /" "Mozilla/5.0 (Windows NT 6.1; WOW64) AppleWebKit/537.36 (KHTML, like Gecko) Chrome/51.0.2704.103 Safari/537.36"
[Tue Dec 04 2018 06:15:54 GMT+0000 (Coordinated Universal Time)] "GET /" "Mozilla/5.0(WindowsNT6.1;rv:31.0)Gecko/20100101Firefox/31.0"
[Tue Dec 04 2018 06:57:46 GMT+0000 (Coordinated Universal Time)] "GET /" "Mozilla/5.0 (Windows NT 10.0; WOW64) AppleWebKit/537.36 (KHTML, like Gecko) Chrome/51.0.2704.103 Safari/537.36"
[Tue Dec 04 2018 07:02:23 GMT+0000 (Coordinated Universal Time)] "GET /" "Mozilla/5.0 (Windows NT 10.0; WOW64) AppleWebKit/537.36 (KHTML, like Gecko) Chrome/52.0.2743.116 Safari/537.36"
[Tue Dec 04 2018 07:03:16 GMT+0000 (Coordinated Universal Time)] "GET /" "Mozilla/5.0 (Windows NT 6.1; WOW64) AppleWebKit/537.36 (KHTML, like Gecko) Chrome/51.0.2704.103 Safari/537.36"
[Tue Dec 04 2018 07:17:28 GMT+0000 (Coordinated Universal Time)] "GET /" "Mozilla/5.0 (Windows NT 10.0; WOW64) AppleWebKit/537.36 (KHTML, like Gecko) Chrome/52.0.2743.116 Safari/537.36"
[Tue Dec 04 2018 07:25:00 GMT+0000 (Coordinated Universal Time)] "GET /" "masscan/1.0 (https://github.com/robertdavidgraham/masscan)"
[Tue Dec 04 2018 08:25:43 GMT+0000 (Coordinated Universal Time)] "GET /" "Mozilla/5.0 (Windows NT 10.0; WOW64) AppleWebKit/537.36 (KHTML, like Gecko) Chrome/52.0.2743.116 Safari/537.36"
[Tue Dec 04 2018 10:16:39 GMT+0000 (Coordinated Universal Time)] "GET /" "Mozilla/5.0 (Windows NT 6.1; WOW64) AppleWebKit/537.36 (KHTML, like Gecko) Chrome/51.0.2704.103 Safari/537.36"
[Tue Dec 04 2018 10:48:21 GMT+0000 (Coordinated Universal Time)] "GET /" "Mozilla/5.0 (Macintosh; Intel Mac OS X 10_11_6) AppleWebKit/601.7.7 (KHTML, like Gecko) Version/9.1.2 Safari/601.7.7"
[Tue Dec 04 2018 11:12:36 GMT+0000 (Coordinated Universal Time)] "GET /" "Mozilla/5.0 (Macintosh; Intel Mac OS X 10_11_6) AppleWebKit/601.7.7 (KHTML, like Gecko) Version/9.1.2 Safari/601.7.7"
[Tue Dec 04 2018 11:39:26 GMT+0000 (Coordinated Universal Time)] "GET /" "Mozilla/5.0 (Windows NT 6.1; WOW64) AppleWebKit/537.36 (KHTML, like Gecko) Chrome/52.0.2743.116 Safari/537.36"
[Tue Dec 04 2018 11:40:04 GMT+0000 (Coordinated Universal Time)] "GET /" "Mozilla/5.0 (Windows NT 6.1; WOW64) AppleWebKit/537.36 (KHTML, like Gecko) Chrome/51.0.2704.103 Safari/537.36"
[Tue Dec 04 2018 11:40:04 GMT+0000 (Coordinated Universal Time)] "GET /" "Mozilla/5.0 (Windows NT 10.0; WOW64) AppleWebKit/537.36 (KHTML, like Gecko) Chrome/52.0.2743.116 Safari/537.36"
[Tue Dec 04 2018 12:02:56 GMT+0000 (Coordinated Universal Time)] "GET /" "Mozilla/5.0 (Windows NT 10.0; WOW64) AppleWebKit/537.36 (KHTML, like Gecko) Chrome/52.0.2743.116 Safari/537.36"
[Tue Dec 04 2018 13:37:48 GMT+0000 (Coordinated Universal Time)] "GET /" "Mozilla/5.0 (Windows NT 6.1; WOW64) AppleWebKit/537.36 (KHTML, like Gecko) Chrome/52.0.2743.116 Safari/537.36"
[Tue Dec 04 2018 14:08:26 GMT+0000 (Coordinated Universal Time)] "GET /" "undefined"
[Tue Dec 04 2018 14:58:46 GMT+0000 (Coordinated Universal Time)] "GET /" "Mozilla/5.0 (Windows NT 10.0; WOW64) AppleWebKit/537.36 (KHTML, like Gecko) Chrome/51.0.2704.103 Safari/537.36"
[Tue Dec 04 2018 15:26:24 GMT+0000 (Coordinated Universal Time)] "GET /" "Mozilla/5.0 (Windows NT 10.0; WOW64) AppleWebKit/537.36 (KHTML, like Gecko) Chrome/51.0.2704.103 Safari/537.36"
[Tue Dec 04 2018 15:35:19 GMT+0000 (Coordinated Universal Time)] "GET /" "undefined"
[Tue Dec 04 2018 16:31:41 GMT+0000 (Coordinated Universal Time)] "GET /" "Mozilla/5.0 (Macintosh; Intel Mac OS X 10_14_1) AppleWebKit/537.36 (KHTML, like Gecko) Chrome/70.0.3538.110 Safari/537.36"
[Tue Dec 04 2018 16:31:42 GMT+0000 (Coordinated Universal Time)] "GET /images/logo.png" "Mozilla/5.0 (Macintosh; Intel Mac OS X 10_14_1) AppleWebKit/537.36 (KHTML, like Gecko) Chrome/70.0.3538.110 Safari/537.36"
[Tue Dec 04 2018 16:31:43 GMT+0000 (Coordinated Universal Time)] "GET /favicon.ico" "Mozilla/5.0 (Macintosh; Intel Mac OS X 10_14_1) AppleWebKit/537.36 (KHTML, like Gecko) Chrome/70.0.3538.110 Safari/537.36"
[Tue Dec 04 2018 16:31:43 GMT+0000 (Coordinated Universal Time)] "GET /favicon.ico" Error (404): "Not found"
[Tue Dec 04 2018 17:46:34 GMT+0000 (Coordinated Universal Time)] "GET /" "undefined"
[Tue Dec 04 2018 18:21:18 GMT+0000 (Coordinated Universal Time)] "GET /" "Mozilla/5.0 (Windows NT 10.0; WOW64) AppleWebKit/537.36 (KHTML, like Gecko) Chrome/52.0.2743.116 Safari/537.36"
[Tue Dec 04 2018 19:02:05 GMT+0000 (Coordinated Universal Time)] "GET /" "Mozilla/5.0 (Windows NT 6.1; WOW64) AppleWebKit/537.36 (KHTML, like Gecko) Chrome/51.0.2704.103 Safari/537.36"
[Tue Dec 04 2018 19:32:45 GMT+0000 (Coordinated Universal Time)] "GET /" "Mozilla/5.0 (Windows NT 6.1; WOW64) AppleWebKit/537.36 (KHTML, like Gecko) Chrome/51.0.2704.103 Safari/537.36"
[Tue Dec 04 2018 20:19:52 GMT+0000 (Coordinated Universal Time)] "GET /" "Mozilla/5.0 (Windows NT 6.1; WOW64) AppleWebKit/537.36 (KHTML, like Gecko) Chrome/51.0.2704.103 Safari/537.36"
[Tue Dec 04 2018 20:19:52 GMT+0000 (Coordinated Universal Time)] "GET /" "Mozilla/5.0 (Windows NT 10.0; WOW64) AppleWebKit/537.36 (KHTML, like Gecko) Chrome/51.0.2704.103 Safari/537.36"
[Tue Dec 04 2018 20:26:49 GMT+0000 (Coordinated Universal Time)] "GET /" "Mozilla/5.0 zgrab/0.x"
[Tue Dec 04 2018 21:04:25 GMT+0000 (Coordinated Universal Time)] "GET /" "Mozilla/5.0 (Macintosh; Intel Mac OS X 10.11; rv:47.0) Gecko/20100101 Firefox/47.0"
[Tue Dec 04 2018 21:10:01 GMT+0000 (Coordinated Universal Time)] "GET /" "Mozilla/5.0 (Windows NT 10.0; WOW64) AppleWebKit/537.36 (KHTML, like Gecko) Chrome/51.0.2704.103 Safari/537.36"
[Tue Dec 04 2018 21:10:05 GMT+0000 (Coordinated Universal Time)] "POST /tmUnblock.cgi" "python-requests/2.20.0"
[Tue Dec 04 2018 21:10:05 GMT+0000 (Coordinated Universal Time)] "POST /tmUnblock.cgi" Error (404): "Not found"
[Tue Dec 04 2018 21:57:15 GMT+0000 (Coordinated Universal Time)] "GET /" "Mozilla/5.0 (Macintosh; Intel Mac OS X 10_11_6) AppleWebKit/601.7.7 (KHTML, like Gecko) Version/9.1.2 Safari/601.7.7"
[Tue Dec 04 2018 23:24:28 GMT+0000 (Coordinated Universal Time)] "GET /" "Mozilla/5.0 (Windows NT 10.0; WOW64) AppleWebKit/537.36 (KHTML, like Gecko) Chrome/51.0.2704.103 Safari/537.36"
[Wed Dec 05 2018 00:24:12 GMT+0000 (Coordinated Universal Time)] "GET /" "undefined"
[Wed Dec 05 2018 00:36:45 GMT+0000 (Coordinated Universal Time)] "GET /" "Mozilla/5.0 (Windows NT 6.1; WOW64) AppleWebKit/537.36 (KHTML, like Gecko) Chrome/51.0.2704.103 Safari/537.36"
[Wed Dec 05 2018 00:39:54 GMT+0000 (Coordinated Universal Time)] "GET /" "Mozilla/5.0 (Windows NT 6.1; WOW64) AppleWebKit/537.36 (KHTML, like Gecko) Chrome/51.0.2704.103 Safari/537.36"
[Wed Dec 05 2018 00:54:02 GMT+0000 (Coordinated Universal Time)] "GET /" "Mozilla/5.0 (Windows NT 10.0; WOW64) AppleWebKit/537.36 (KHTML, like Gecko) Chrome/52.0.2743.116 Safari/537.36"
[Wed Dec 05 2018 01:09:40 GMT+0000 (Coordinated Universal Time)] "GET /" "Mozilla/5.0 (Windows NT 6.1; WOW64) AppleWebKit/537.36 (KHTML, like Gecko) Chrome/51.0.2704.103 Safari/537.36"
[Wed Dec 05 2018 01:15:23 GMT+0000 (Coordinated Universal Time)] "GET /" "Mozilla/5.0 (Windows NT 6.1; WOW64) AppleWebKit/537.36 (KHTML, like Gecko) Chrome/52.0.2743.116 Safari/537.36"
[Wed Dec 05 2018 04:19:23 GMT+0000 (Coordinated Universal Time)] "GET /test.php" "Mozilla/5.0 (Macintosh; Intel Mac OS X 10_14_1) AppleWebKit/537.36 (KHTML, like Gecko) Chrome/70.0.3538.110 Safari/537.36"
[Wed Dec 05 2018 04:19:23 GMT+0000 (Coordinated Universal Time)] "GET /test.php" Error (404): "Not found"
[Wed Dec 05 2018 04:56:01 GMT+0000 (Coordinated Universal Time)] "GET /" "Mozilla/5.0 (Windows NT 10.0; WOW64) AppleWebKit/537.36 (KHTML, like Gecko) Chrome/51.0.2704.103 Safari/537.36"
[Wed Dec 05 2018 06:03:14 GMT+0000 (Coordinated Universal Time)] "GET /manager/html" "Mozilla/5.0 (compatible; MSIE 10.0; Windows NT 6.2; WOW64; Trident/6.0)"
[Wed Dec 05 2018 06:03:14 GMT+0000 (Coordinated Universal Time)] "GET /manager/html" Error (404): "Not found"
[Wed Dec 05 2018 06:14:19 GMT+0000 (Coordinated Universal Time)] "GET /" "Mozilla/5.0 (Macintosh; Intel Mac OS X 10_11_6) AppleWebKit/601.7.7 (KHTML, like Gecko) Version/9.1.2 Safari/601.7.7"
[Wed Dec 05 2018 06:39:30 GMT+0000 (Coordinated Universal Time)] "GET /" "undefined"
[Wed Dec 05 2018 08:58:38 GMT+0000 (Coordinated Universal Time)] "GET /" "Mozilla/5.0 (Windows NT 6.1; WOW64) AppleWebKit/537.36 (KHTML, like Gecko) Chrome/51.0.2704.103 Safari/537.36"
[Wed Dec 05 2018 10:17:36 GMT+0000 (Coordinated Universal Time)] "GET /" "Mozilla/5.0 (Macintosh; Intel Mac OS X 10_11_6) AppleWebKit/601.7.7 (KHTML, like Gecko) Version/9.1.2 Safari/601.7.7"
[Wed Dec 05 2018 11:04:12 GMT+0000 (Coordinated Universal Time)] "GET /" "Mozilla/5.0 zgrab/0.x"
[Wed Dec 05 2018 11:28:10 GMT+0000 (Coordinated Universal Time)] "GET /" "Mozilla/5.0 (Windows NT 10.0; WOW64) AppleWebKit/537.36 (KHTML, like Gecko) Chrome/51.0.2704.103 Safari/537.36"
[Wed Dec 05 2018 11:33:46 GMT+0000 (Coordinated Universal Time)] "GET /" "Mozilla/5.0 (Windows NT 10.0; WOW64) AppleWebKit/537.36 (KHTML, like Gecko) Chrome/51.0.2704.103 Safari/537.36"
[Wed Dec 05 2018 11:49:46 GMT+0000 (Coordinated Universal Time)] "GET /" "Mozilla/5.0 zgrab/0.x"
[Wed Dec 05 2018 12:09:16 GMT+0000 (Coordinated Universal Time)] "GET /" "undefined"
[Wed Dec 05 2018 12:25:53 GMT+0000 (Coordinated Universal Time)] "GET /" "Mozilla/5.0 (Macintosh; Intel Mac OS X 10_11_6) AppleWebKit/601.7.7 (KHTML, like Gecko) Version/9.1.2 Safari/601.7.7"
[Wed Dec 05 2018 12:36:27 GMT+0000 (Coordinated Universal Time)] "GET /" "undefined"
[Wed Dec 05 2018 12:49:31 GMT+0000 (Coordinated Universal Time)] "GET /jexsw2/jexsw2.jsp?ppp=echo%20D3c3mb3r" "test"
[Wed Dec 05 2018 12:49:31 GMT+0000 (Coordinated Universal Time)] "GET /jexsw2/jexsw2.jsp?ppp=echo%20D3c3mb3r" Error (404): "Not found"
[Wed Dec 05 2018 12:49:32 GMT+0000 (Coordinated Universal Time)] "GET /jexws2/jexws2.jsp?ppp=echo%20D3c3mb3r" "test"
[Wed Dec 05 2018 12:49:32 GMT+0000 (Coordinated Universal Time)] "GET /jexws2/jexws2.jsp?ppp=echo%20D3c3mb3r" Error (404): "Not found"
[Wed Dec 05 2018 12:49:32 GMT+0000 (Coordinated Universal Time)] "GET /jexws3/jexws3.jsp?ppp=echo%20D3c3mb3r" "test"
[Wed Dec 05 2018 12:49:32 GMT+0000 (Coordinated Universal Time)] "GET /jexws3/jexws3.jsp?ppp=echo%20D3c3mb3r" Error (404): "Not found"
[Wed Dec 05 2018 12:49:32 GMT+0000 (Coordinated Universal Time)] "GET /jexws4/jexws4.jsp?ppp=echo%20D3c3mb3r" "test"
[Wed Dec 05 2018 12:49:32 GMT+0000 (Coordinated Universal Time)] "GET /jexws4/jexws4.jsp?ppp=echo%20D3c3mb3r" Error (404): "Not found"
[Wed Dec 05 2018 12:49:32 GMT+0000 (Coordinated Universal Time)] "GET /jexinv/jexinv.jsp?ppp=echo%20D3c3mb3r" "test"
[Wed Dec 05 2018 12:49:32 GMT+0000 (Coordinated Universal Time)] "GET /jexinv/jexinv.jsp?ppp=echo%20D3c3mb3r" Error (404): "Not found"
[Wed Dec 05 2018 12:49:33 GMT+0000 (Coordinated Universal Time)] "GET /jexinv3/jexinv3.jsp?ppp=echo%20D3c3mb3r" "test"
[Wed Dec 05 2018 12:49:33 GMT+0000 (Coordinated Universal Time)] "GET /jexinv3/jexinv3.jsp?ppp=echo%20D3c3mb3r" Error (404): "Not found"
[Wed Dec 05 2018 12:49:33 GMT+0000 (Coordinated Universal Time)] "GET /jexinv4/jexinv4.jsp?ppp=echo%20D3c3mb3r" "test"
[Wed Dec 05 2018 12:49:33 GMT+0000 (Coordinated Universal Time)] "GET /jexinv4/jexinv4.jsp?ppp=echo%20D3c3mb3r" Error (404): "Not found"
[Wed Dec 05 2018 12:49:33 GMT+0000 (Coordinated Universal Time)] "GET /jbossass/jbossass.jsp?ppp=echo%20Hello%20D3c3mb3r" "jexboss"
[Wed Dec 05 2018 12:49:33 GMT+0000 (Coordinated Universal Time)] "GET /jbossass/jbossass.jsp?ppp=echo%20Hello%20D3c3mb3r" Error (404): "Not found"
[Wed Dec 05 2018 12:49:33 GMT+0000 (Coordinated Universal Time)] "GET /console/jspzxc.jsp?cmd=echo%20Hello%20D3c3mb3r" "test"
[Wed Dec 05 2018 12:49:33 GMT+0000 (Coordinated Universal Time)] "GET /console/jspzxc.jsp?cmd=echo%20Hello%20D3c3mb3r" Error (404): "Not found"
[Wed Dec 05 2018 12:49:33 GMT+0000 (Coordinated Universal Time)] "GET /demo/404.jsp?bjh=echo%20Hello%20D3c3mb3r" "test"
[Wed Dec 05 2018 12:49:33 GMT+0000 (Coordinated Universal Time)] "GET /demo/404.jsp?bjh=echo%20Hello%20D3c3mb3r" Error (404): "Not found"
[Wed Dec 05 2018 12:49:34 GMT+0000 (Coordinated Universal Time)] "GET /dread/lock.jsp?tezaz=echo%20Hello%20D3c3mb3r" "test"
[Wed Dec 05 2018 12:49:34 GMT+0000 (Coordinated Universal Time)] "GET /dread/lock.jsp?tezaz=echo%20Hello%20D3c3mb3r" Error (404): "Not found"
[Wed Dec 05 2018 12:49:34 GMT+0000 (Coordinated Universal Time)] "GET /HCEGH/xunfeng.jsp?comment=echo%20Hello%20D3c3mb3r" "test"
[Wed Dec 05 2018 12:49:34 GMT+0000 (Coordinated Universal Time)] "GET /HCEGH/xunfeng.jsp?comment=echo%20Hello%20D3c3mb3r" Error (404): "Not found"
[Wed Dec 05 2018 12:49:34 GMT+0000 (Coordinated Universal Time)] "GET /jbws/jbws.jsp?eval=echo%20Hello%20D3c3mb3r" "jbosses"
[Wed Dec 05 2018 12:49:34 GMT+0000 (Coordinated Universal Time)] "GET /jbws/jbws.jsp?eval=echo%20Hello%20D3c3mb3r" Error (404): "Not found"
[Wed Dec 05 2018 12:49:34 GMT+0000 (Coordinated Universal Time)] "GET /jvrx/cmd.jsp?pwd=everymorning&cmd=echo%20Hello%20D3c3mb3r" "test"
[Wed Dec 05 2018 12:49:34 GMT+0000 (Coordinated Universal Time)] "GET /jvrx/cmd.jsp?pwd=everymorning&cmd=echo%20Hello%20D3c3mb3r" Error (404): "Not found"
[Wed Dec 05 2018 12:49:35 GMT+0000 (Coordinated Universal Time)] "GET /shellinvoker/shellinvoker.jsp?ppp=echo%20Hello%20D3c3mb3r" "jexboss"
[Wed Dec 05 2018 12:49:35 GMT+0000 (Coordinated Universal Time)] "GET /shellinvoker/shellinvoker.jsp?ppp=echo%20Hello%20D3c3mb3r" Error (404): "Not found"
[Wed Dec 05 2018 12:49:35 GMT+0000 (Coordinated Universal Time)] "GET /zecmd/zecmd.jsp?comment=echo%20Hello%20D3c3mb3r" "test"
[Wed Dec 05 2018 12:49:35 GMT+0000 (Coordinated Universal Time)] "GET /zecmd/zecmd.jsp?comment=echo%20Hello%20D3c3mb3r" Error (404): "Not found"
[Wed Dec 05 2018 12:49:47 GMT+0000 (Coordinated Universal Time)] "GET /manager/html" "Mozilla/5.0 (Windows NT 6.1; Win64; x64; rv:58.0) Gecko/20100101 Firefox/58.0"
[Wed Dec 05 2018 12:49:47 GMT+0000 (Coordinated Universal Time)] "GET /manager/html" Error (404): "Not found"
[Wed Dec 05 2018 13:24:24 GMT+0000 (Coordinated Universal Time)] "GET /manager/html" "Mozilla/5.0 (compatible; MSIE 10.0; Windows NT 6.2; WOW64; Trident/6.0)"
[Wed Dec 05 2018 13:24:24 GMT+0000 (Coordinated Universal Time)] "GET /manager/html" Error (404): "Not found"
[Wed Dec 05 2018 14:33:46 GMT+0000 (Coordinated Universal Time)] "GET /" "undefined"
[Wed Dec 05 2018 14:35:53 GMT+0000 (Coordinated Universal Time)] "GET /" "Mozilla/5.0 (Windows NT 6.1; WOW64) AppleWebKit/537.36 (KHTML, like Gecko) Chrome/51.0.2704.103 Safari/537.36"
[Wed Dec 05 2018 15:16:05 GMT+0000 (Coordinated Universal Time)] "GET /" "Mozilla/5.0 (Windows NT 10.0; WOW64) AppleWebKit/537.36 (KHTML, like Gecko) Chrome/51.0.2704.103 Safari/537.36"
[Wed Dec 05 2018 15:18:29 GMT+0000 (Coordinated Universal Time)] "GET /" "Mozilla/5.0 (Macintosh; Intel Mac OS X 10_11_6) AppleWebKit/601.7.7 (KHTML, like Gecko) Version/9.1.2 Safari/601.7.7"
[Wed Dec 05 2018 16:16:37 GMT+0000 (Coordinated Universal Time)] "GET /" "Mozilla/5.0 (Windows NT 6.3; Win64; x64) AppleWebKit/537.36 (KHTML, like Gecko) Chrome/70.0.3538.102 Safari/537.36"
[Wed Dec 05 2018 16:16:39 GMT+0000 (Coordinated Universal Time)] "GET /images/logo.png" "Mozilla/5.0 (Windows NT 6.3; Win64; x64) AppleWebKit/537.36 (KHTML, like Gecko) Chrome/70.0.3538.102 Safari/537.36"
[Wed Dec 05 2018 16:16:48 GMT+0000 (Coordinated Universal Time)] "GET /favicon.ico" "Mozilla/5.0 (Windows NT 6.3; Win64; x64) AppleWebKit/537.36 (KHTML, like Gecko) Chrome/70.0.3538.102 Safari/537.36"
[Wed Dec 05 2018 16:16:48 GMT+0000 (Coordinated Universal Time)] "GET /favicon.ico" Error (404): "Not found"
[Wed Dec 05 2018 17:35:57 GMT+0000 (Coordinated Universal Time)] "GET /" "Mozilla/5.0 (Macintosh; Intel Mac OS X 10_11_6) AppleWebKit/601.7.7 (KHTML, like Gecko) Version/9.1.2 Safari/601.7.7"
[Wed Dec 05 2018 17:50:43 GMT+0000 (Coordinated Universal Time)] "GET /manager/html" "Mozilla/5.0 (compatible; MSIE 10.0; Windows NT 6.2; WOW64; Trident/6.0)"
[Wed Dec 05 2018 17:50:43 GMT+0000 (Coordinated Universal Time)] "GET /manager/html" Error (404): "Not found"
[Wed Dec 05 2018 18:23:30 GMT+0000 (Coordinated Universal Time)] "GET /" "Mozilla/5.0 (Windows NT 10.0; WOW64) AppleWebKit/537.36 (KHTML, like Gecko) Chrome/51.0.2704.103 Safari/537.36"
[Wed Dec 05 2018 18:23:41 GMT+0000 (Coordinated Universal Time)] "GET /" "undefined"
[Wed Dec 05 2018 19:47:13 GMT+0000 (Coordinated Universal Time)] "GET /" "Mozilla/5.0 (Windows NT 6.1; WOW64) AppleWebKit/537.36 (KHTML, like Gecko) Chrome/52.0.2743.116 Safari/537.36"
[Wed Dec 05 2018 19:47:13 GMT+0000 (Coordinated Universal Time)] "GET /" "Mozilla/5.0 (Windows NT 10.0; WOW64) AppleWebKit/537.36 (KHTML, like Gecko) Chrome/52.0.2743.116 Safari/537.36"
[Wed Dec 05 2018 20:18:42 GMT+0000 (Coordinated Universal Time)] "GET /" "Mozilla/5.0 (Windows NT 6.1; WOW64) AppleWebKit/537.36 (KHTML, like Gecko) Chrome/51.0.2704.103 Safari/537.36"
[Wed Dec 05 2018 20:55:31 GMT+0000 (Coordinated Universal Time)] "GET /" "Mozilla/5.0 (Macintosh; Intel Mac OS X 10_14_1) AppleWebKit/537.36 (KHTML, like Gecko) Chrome/70.0.3538.110 Safari/537.36"
[Wed Dec 05 2018 20:55:31 GMT+0000 (Coordinated Universal Time)] "GET /images/logo.png" "Mozilla/5.0 (Macintosh; Intel Mac OS X 10_14_1) AppleWebKit/537.36 (KHTML, like Gecko) Chrome/70.0.3538.110 Safari/537.36"
[Wed Dec 05 2018 20:55:32 GMT+0000 (Coordinated Universal Time)] "GET /favicon.ico" "Mozilla/5.0 (Macintosh; Intel Mac OS X 10_14_1) AppleWebKit/537.36 (KHTML, like Gecko) Chrome/70.0.3538.110 Safari/537.36"
[Wed Dec 05 2018 20:55:32 GMT+0000 (Coordinated Universal Time)] "GET /favicon.ico" Error (404): "Not found"
[Wed Dec 05 2018 21:38:57 GMT+0000 (Coordinated Universal Time)] "GET /home.php" "Mozilla/5.0 (Macintosh; Intel Mac OS X 10_14_1) AppleWebKit/537.36 (KHTML, like Gecko) Chrome/70.0.3538.110 Safari/537.36"
[Wed Dec 05 2018 21:38:57 GMT+0000 (Coordinated Universal Time)] "GET /home.php" Error (404): "Not found"
[Wed Dec 05 2018 21:55:35 GMT+0000 (Coordinated Universal Time)] "GET /" "Mozilla/5.0 (Macintosh; Intel Mac OS X 10.11; rv:47.0) Gecko/20100101 Firefox/47.0"
[Wed Dec 05 2018 21:56:13 GMT+0000 (Coordinated Universal Time)] "GET /" "Mozilla/5.0 (Windows NT 10.0; WOW64) AppleWebKit/537.36 (KHTML, like Gecko) Chrome/52.0.2743.116 Safari/537.36"
[Thu Dec 06 2018 00:09:39 GMT+0000 (Coordinated Universal Time)] "GET /" "undefined"
[Thu Dec 06 2018 00:24:40 GMT+0000 (Coordinated Universal Time)] "GET /" "undefined"
[Thu Dec 06 2018 00:28:07 GMT+0000 (Coordinated Universal Time)] "GET /" "Mozilla/5.0 (Windows NT 6.1; WOW64) AppleWebKit/537.36 (KHTML, like Gecko) Chrome/52.0.2743.116 Safari/537.36"
[Thu Dec 06 2018 00:34:09 GMT+0000 (Coordinated Universal Time)] "GET /" "Mozilla/5.0 (Macintosh; Intel Mac OS X 10_11_6) AppleWebKit/601.7.7 (KHTML, like Gecko) Version/9.1.2 Safari/601.7.7"
[Thu Dec 06 2018 01:01:02 GMT+0000 (Coordinated Universal Time)] "GET /" "Mozilla/5.0 (Windows NT 6.1; WOW64) AppleWebKit/537.36 (KHTML, like Gecko) Chrome/52.0.2743.116 Safari/537.36"
[Thu Dec 06 2018 01:10:39 GMT+0000 (Coordinated Universal Time)] "GET /" "Mozilla/5.0 (Windows NT 10.0; WOW64) AppleWebKit/537.36 (KHTML, like Gecko) Chrome/52.0.2743.116 Safari/537.36"
[Thu Dec 06 2018 03:34:52 GMT+0000 (Coordinated Universal Time)] "GET /" "undefined"
[Thu Dec 06 2018 05:52:09 GMT+0000 (Coordinated Universal Time)] "GET /" "undefined"
[Thu Dec 06 2018 06:00:07 GMT+0000 (Coordinated Universal Time)] "GET /manager/html" "User-Agent:Mozilla/4.0 (compatible; MSIE 6.0; Windows NT 5.2; .NET CLR 1.0.3705"
[Thu Dec 06 2018 06:00:07 GMT+0000 (Coordinated Universal Time)] "GET /manager/html" Error (404): "Not found"
[Thu Dec 06 2018 06:24:01 GMT+0000 (Coordinated Universal Time)] "GET /" "Mozilla/5.0 (Windows NT 6.1; WOW64) AppleWebKit/537.36 (KHTML, like Gecko) Chrome/51.0.2704.103 Safari/537.36"
[Thu Dec 06 2018 06:33:13 GMT+0000 (Coordinated Universal Time)] "GET /" "Mozilla/5.0"
[Thu Dec 06 2018 08:50:36 GMT+0000 (Coordinated Universal Time)] "GET /" "Mozilla/5.0 (Windows NT 10.0; WOW64) AppleWebKit/537.36 (KHTML, like Gecko) Chrome/52.0.2743.116 Safari/537.36"
[Thu Dec 06 2018 09:46:17 GMT+0000 (Coordinated Universal Time)] "GET /" "undefined"
[Thu Dec 06 2018 10:27:57 GMT+0000 (Coordinated Universal Time)] "GET /manager/html" "Mozilla/4.0 (compatible; MSIE 8.0; Windows NT 5.2; Trident/4.0)"
[Thu Dec 06 2018 10:27:57 GMT+0000 (Coordinated Universal Time)] "GET /manager/html" Error (404): "Not found"
[Thu Dec 06 2018 10:31:05 GMT+0000 (Coordinated Universal Time)] "GET /" "Mozilla/5.0 (Windows NT 10.0; WOW64) AppleWebKit/537.36 (KHTML, like Gecko) Chrome/52.0.2743.116 Safari/537.36"
[Thu Dec 06 2018 10:41:32 GMT+0000 (Coordinated Universal Time)] "GET /" "Mozilla/5.0 (Windows NT 10.0; WOW64) AppleWebKit/537.36 (KHTML, like Gecko) Chrome/52.0.2743.116 Safari/537.36"
[Thu Dec 06 2018 10:46:05 GMT+0000 (Coordinated Universal Time)] "GET /" "masscan/1.0 (https://github.com/robertdavidgraham/masscan)"
[Thu Dec 06 2018 11:02:57 GMT+0000 (Coordinated Universal Time)] "GET /" "Mozilla/5.0 (Windows NT 10.0; WOW64) AppleWebKit/537.36 (KHTML, like Gecko) Chrome/52.0.2743.116 Safari/537.36"
[Thu Dec 06 2018 11:25:54 GMT+0000 (Coordinated Universal Time)] "GET /version" "Mozilla/5.0 (Windows NT 10.0; WOW64) AppleWebKit/537.36 (KHTML, like Gecko) Chrome/66.0.3359.117 Safari/537.36"
[Thu Dec 06 2018 11:25:54 GMT+0000 (Coordinated Universal Time)] "GET /version" Error (404): "Not found"
[Thu Dec 06 2018 12:37:35 GMT+0000 (Coordinated Universal Time)] "GET /version" "Mozilla/5.0 (Windows NT 10.0; WOW64) AppleWebKit/537.36 (KHTML, like Gecko) Chrome/66.0.3359.117 Safari/537.36"
[Thu Dec 06 2018 12:37:35 GMT+0000 (Coordinated Universal Time)] "GET /version" Error (404): "Not found"
[Thu Dec 06 2018 14:01:48 GMT+0000 (Coordinated Universal Time)] "GET /" "Mozilla/5.0 (Windows NT 10.0; WOW64) AppleWebKit/537.36 (KHTML, like Gecko) Chrome/52.0.2743.116 Safari/537.36"
[Thu Dec 06 2018 14:55:54 GMT+0000 (Coordinated Universal Time)] "GET /" "undefined"
[Thu Dec 06 2018 17:07:47 GMT+0000 (Coordinated Universal Time)] "GET /" "Mozilla/5.0 (Windows NT 10.0; WOW64) AppleWebKit/537.36 (KHTML, like Gecko) Chrome/51.0.2704.103 Safari/537.36"
[Thu Dec 06 2018 17:22:06 GMT+0000 (Coordinated Universal Time)] "GET /" "Mozilla/5.0 (Windows NT 10.0; WOW64) AppleWebKit/537.36 (KHTML, like Gecko) Chrome/52.0.2743.116 Safari/537.36"
[Thu Dec 06 2018 18:03:23 GMT+0000 (Coordinated Universal Time)] "GET /" "undefined"
[Thu Dec 06 2018 18:30:34 GMT+0000 (Coordinated Universal Time)] "GET /" "Mozilla/5.0 (Windows NT 10.0; Win64; x64) AppleWebKit/537.36 (KHTML, like Gecko) Chrome/70.0.3538.110 Safari/537.36"
[Thu Dec 06 2018 18:30:34 GMT+0000 (Coordinated Universal Time)] "GET /css/index.css" "Mozilla/5.0 (Windows NT 10.0; Win64; x64) AppleWebKit/537.36 (KHTML, like Gecko) Chrome/70.0.3538.110 Safari/537.36"
[Thu Dec 06 2018 18:30:34 GMT+0000 (Coordinated Universal Time)] "GET /images/logo.png" "Mozilla/5.0 (Windows NT 10.0; Win64; x64) AppleWebKit/537.36 (KHTML, like Gecko) Chrome/70.0.3538.110 Safari/537.36"
[Thu Dec 06 2018 18:30:34 GMT+0000 (Coordinated Universal Time)] "GET /js/index.js" "Mozilla/5.0 (Windows NT 10.0; Win64; x64) AppleWebKit/537.36 (KHTML, like Gecko) Chrome/70.0.3538.110 Safari/537.36"
[Thu Dec 06 2018 18:30:35 GMT+0000 (Coordinated Universal Time)] "GET /content/html/video/chapter1.mp4" "Mozilla/5.0 (Windows NT 10.0; Win64; x64) AppleWebKit/537.36 (KHTML, like Gecko) Chrome/70.0.3538.110 Safari/537.36"
[Thu Dec 06 2018 18:30:35 GMT+0000 (Coordinated Universal Time)] "GET /content/html/video/chapter1.mp4" "Mozilla/5.0 (Windows NT 10.0; Win64; x64) AppleWebKit/537.36 (KHTML, like Gecko) Chrome/70.0.3538.110 Safari/537.36"
[Thu Dec 06 2018 18:31:10 GMT+0000 (Coordinated Universal Time)] "GET /" "Slackbot-LinkExpanding 1.0 (+https://api.slack.com/robots)"
[Thu Dec 06 2018 18:31:33 GMT+0000 (Coordinated Universal Time)] "GET /content/html/video/chapter1.mp4" "Mozilla/5.0 (Windows NT 10.0; Win64; x64) AppleWebKit/537.36 (KHTML, like Gecko) Chrome/70.0.3538.110 Safari/537.36"
[Thu Dec 06 2018 18:31:43 GMT+0000 (Coordinated Universal Time)] "GET /content/html/captions/english/chapter1.vtt" "Mozilla/5.0 (Windows NT 10.0; Win64; x64) AppleWebKit/537.36 (KHTML, like Gecko) Chrome/70.0.3538.110 Safari/537.36"
[Thu Dec 06 2018 18:31:49 GMT+0000 (Coordinated Universal Time)] "GET /content/html/captions/thai/chapter1.vtt" "Mozilla/5.0 (Windows NT 10.0; Win64; x64) AppleWebKit/537.36 (KHTML, like Gecko) Chrome/70.0.3538.110 Safari/537.36"
[Thu Dec 06 2018 18:31:52 GMT+0000 (Coordinated Universal Time)] "GET /content/html/captions/korean/chapter1.vtt" "Mozilla/5.0 (Windows NT 10.0; Win64; x64) AppleWebKit/537.36 (KHTML, like Gecko) Chrome/70.0.3538.110 Safari/537.36"
[Thu Dec 06 2018 18:32:50 GMT+0000 (Coordinated Universal Time)] "GET /" "Mozilla/5.0 (iPhone; CPU iPhone OS 11_4_1 like Mac OS X) AppleWebKit/605.1.15 (KHTML, like Gecko) Version/11.0 Mobile/15E148 Safari/604.1"
[Thu Dec 06 2018 18:32:51 GMT+0000 (Coordinated Universal Time)] "GET /css/index.css" "Mozilla/5.0 (iPhone; CPU iPhone OS 11_4_1 like Mac OS X) AppleWebKit/605.1.15 (KHTML, like Gecko) Version/11.0 Mobile/15E148 Safari/604.1"
[Thu Dec 06 2018 18:32:51 GMT+0000 (Coordinated Universal Time)] "GET /images/logo.png" "Mozilla/5.0 (iPhone; CPU iPhone OS 11_4_1 like Mac OS X) AppleWebKit/605.1.15 (KHTML, like Gecko) Version/11.0 Mobile/15E148 Safari/604.1"
[Thu Dec 06 2018 18:32:51 GMT+0000 (Coordinated Universal Time)] "GET /js/index.js" "Mozilla/5.0 (iPhone; CPU iPhone OS 11_4_1 like Mac OS X) AppleWebKit/605.1.15 (KHTML, like Gecko) Version/11.0 Mobile/15E148 Safari/604.1"
[Thu Dec 06 2018 18:32:51 GMT+0000 (Coordinated Universal Time)] "GET /content/html/video/chapter1.mp4" "AppleCoreMedia/1.0.0.15G77 (iPhone; U; CPU OS 11_4_1 like Mac OS X; ko_kr)"
[Thu Dec 06 2018 18:32:51 GMT+0000 (Coordinated Universal Time)] "GET /content/html/video/chapter1.mp4" "AppleCoreMedia/1.0.0.15G77 (iPhone; U; CPU OS 11_4_1 like Mac OS X; ko_kr)"
[Thu Dec 06 2018 18:33:20 GMT+0000 (Coordinated Universal Time)] "GET /content/html/video/chapter1.mp4" "AppleCoreMedia/1.0.0.15G77 (iPhone; U; CPU OS 11_4_1 like Mac OS X; ko_kr)"
[Thu Dec 06 2018 18:33:35 GMT+0000 (Coordinated Universal Time)] "GET /content/html/captions/korean/chapter1.vtt" "Mozilla/5.0 (iPhone; CPU iPhone OS 11_4_1 like Mac OS X) AppleWebKit/605.1.15 (KHTML, like Gecko) Version/11.0 Mobile/15E148 Safari/604.1"
[Thu Dec 06 2018 18:34:16 GMT+0000 (Coordinated Universal Time)] "GET /" "Mozilla/5.0 (Windows NT 10.0; Win64; x64) AppleWebKit/537.36 (KHTML, like Gecko) Chrome/70.0.3538.110 Safari/537.36"
[Thu Dec 06 2018 18:34:16 GMT+0000 (Coordinated Universal Time)] "GET /css/index.css" "Mozilla/5.0 (Windows NT 10.0; Win64; x64) AppleWebKit/537.36 (KHTML, like Gecko) Chrome/70.0.3538.110 Safari/537.36"
[Thu Dec 06 2018 18:34:17 GMT+0000 (Coordinated Universal Time)] "GET /js/index.js" "Mozilla/5.0 (Windows NT 10.0; Win64; x64) AppleWebKit/537.36 (KHTML, like Gecko) Chrome/70.0.3538.110 Safari/537.36"
[Thu Dec 06 2018 18:34:17 GMT+0000 (Coordinated Universal Time)] "GET /images/logo.png" "Mozilla/5.0 (Windows NT 10.0; Win64; x64) AppleWebKit/537.36 (KHTML, like Gecko) Chrome/70.0.3538.110 Safari/537.36"
[Thu Dec 06 2018 18:34:17 GMT+0000 (Coordinated Universal Time)] "GET /content/html/video/chapter1.mp4" "Mozilla/5.0 (Windows NT 10.0; Win64; x64) AppleWebKit/537.36 (KHTML, like Gecko) Chrome/70.0.3538.110 Safari/537.36"
[Thu Dec 06 2018 18:34:18 GMT+0000 (Coordinated Universal Time)] "GET /favicon.ico" "Mozilla/5.0 (Windows NT 10.0; Win64; x64) AppleWebKit/537.36 (KHTML, like Gecko) Chrome/70.0.3538.110 Safari/537.36"
[Thu Dec 06 2018 18:34:18 GMT+0000 (Coordinated Universal Time)] "GET /favicon.ico" Error (404): "Not found"
[Thu Dec 06 2018 18:34:44 GMT+0000 (Coordinated Universal Time)] "GET /content/html/captions/english/chapter1.vtt" "Mozilla/5.0 (Windows NT 10.0; Win64; x64) AppleWebKit/537.36 (KHTML, like Gecko) Chrome/70.0.3538.110 Safari/537.36"
[Thu Dec 06 2018 18:34:57 GMT+0000 (Coordinated Universal Time)] "GET /content/html/video/chapter1.mp4" "Mozilla/5.0 (Windows NT 10.0; Win64; x64) AppleWebKit/537.36 (KHTML, like Gecko) Chrome/70.0.3538.110 Safari/537.36"
[Thu Dec 06 2018 19:13:21 GMT+0000 (Coordinated Universal Time)] "GET /" "Mozilla/5.0 (Windows NT 10.0; Win64; x64) AppleWebKit/537.36 (KHTML, like Gecko) Chrome/70.0.3538.110 Safari/537.36"
[Thu Dec 06 2018 19:13:22 GMT+0000 (Coordinated Universal Time)] "GET /content/html/video/chapter1.mp4" "Mozilla/5.0 (Windows NT 10.0; Win64; x64) AppleWebKit/537.36 (KHTML, like Gecko) Chrome/70.0.3538.110 Safari/537.36"
[Thu Dec 06 2018 19:13:22 GMT+0000 (Coordinated Universal Time)] "GET /images/logo_title.png" "Mozilla/5.0 (Windows NT 10.0; Win64; x64) AppleWebKit/537.36 (KHTML, like Gecko) Chrome/70.0.3538.110 Safari/537.36"
[Thu Dec 06 2018 19:13:22 GMT+0000 (Coordinated Universal Time)] "GET /images/logo_title.png" Error (404): "Not found"
[Thu Dec 06 2018 19:13:53 GMT+0000 (Coordinated Universal Time)] "GET /" "Mozilla/5.0 (Windows NT 10.0; Win64; x64) AppleWebKit/537.36 (KHTML, like Gecko) Chrome/70.0.3538.110 Safari/537.36"
[Thu Dec 06 2018 19:14:54 GMT+0000 (Coordinated Universal Time)] "GET /" "Mozilla/5.0 (Windows NT 10.0; Win64; x64) AppleWebKit/537.36 (KHTML, like Gecko) Chrome/70.0.3538.110 Safari/537.36"
[Thu Dec 06 2018 19:15:00 GMT+0000 (Coordinated Universal Time)] "GET /" "Mozilla/5.0 (Windows NT 10.0; Win64; x64) AppleWebKit/537.36 (KHTML, like Gecko) Chrome/70.0.3538.110 Safari/537.36"
[Thu Dec 06 2018 19:16:01 GMT+0000 (Coordinated Universal Time)] "GET /" "Mozilla/5.0 (Windows NT 10.0; Win64; x64) AppleWebKit/537.36 (KHTML, like Gecko) Chrome/70.0.3538.110 Safari/537.36"
[Thu Dec 06 2018 19:17:48 GMT+0000 (Coordinated Universal Time)] "GET /" "Mozilla/5.0 (Windows NT 10.0; Win64; x64) AppleWebKit/537.36 (KHTML, like Gecko) Chrome/70.0.3538.110 Safari/537.36"
[Thu Dec 06 2018 19:17:49 GMT+0000 (Coordinated Universal Time)] "GET /images/logos.png" "Mozilla/5.0 (Windows NT 10.0; Win64; x64) AppleWebKit/537.36 (KHTML, like Gecko) Chrome/70.0.3538.110 Safari/537.36"
